Using pre-set license
Built from '2021.3/staging' branch; Version is '2021.3.6f1 (7da38d85baf6) revision 8233869'; Using compiler version '192829333'; Build Type 'Release'
OS: 'Windows 10  (10.0.19044) 64bit Professional' Language: 'ko' Physical Memory: 16266 MB
BatchMode: 1, IsHumanControllingUs: 0, StartBugReporterOnCrash: 0, Is64bit: 1, IsPro: 1

COMMAND LINE ARGUMENTS:
C:\Program Files\Unity\Hub\Editor\2021.3.6f1\Editor\Unity.exe
-adb2
-batchMode
-noUpm
-name
AssetImportWorker0
-projectPath
D:/Unity/GitHub/Uni-Run/Uni-Run
-logFile
Logs/AssetImportWorker0.log
-srvPort
53219
Successfully changed project path to: D:/Unity/GitHub/Uni-Run/Uni-Run
D:/Unity/GitHub/Uni-Run/Uni-Run
[UnityMemory] Configuration Parameters - Can be set up in boot.config
    "memorysetup-bucket-allocator-granularity=16"
    "memorysetup-bucket-allocator-bucket-count=8"
    "memorysetup-bucket-allocator-block-size=33554432"
    "memorysetup-bucket-allocator-block-count=8"
    "memorysetup-main-allocator-block-size=16777216"
    "memorysetup-thread-allocator-block-size=16777216"
    "memorysetup-gfx-main-allocator-block-size=16777216"
    "memorysetup-gfx-thread-allocator-block-size=16777216"
    "memorysetup-cache-allocator-block-size=4194304"
    "memorysetup-typetree-allocator-block-size=2097152"
    "memorysetup-profiler-bucket-allocator-granularity=16"
    "memorysetup-profiler-bucket-allocator-bucket-count=8"
    "memorysetup-profiler-bucket-allocator-block-size=33554432"
    "memorysetup-profiler-bucket-allocator-block-count=8"
    "memorysetup-profiler-allocator-block-size=16777216"
    "memorysetup-profiler-editor-allocator-block-size=1048576"
    "memorysetup-temp-allocator-size-main=16777216"
    "memorysetup-job-temp-allocator-block-size=2097152"
    "memorysetup-job-temp-allocator-block-size-background=1048576"
    "memorysetup-job-temp-allocator-reduction-small-platforms=262144"
    "memorysetup-temp-allocator-size-background-worker=32768"
    "memorysetup-temp-allocator-size-job-worker=262144"
    "memorysetup-temp-allocator-size-preload-manager=33554432"
    "memorysetup-temp-allocator-size-nav-mesh-worker=65536"
    "memorysetup-temp-allocator-size-audio-worker=65536"
    "memorysetup-temp-allocator-size-cloud-worker=32768"
    "memorysetup-temp-allocator-size-gi-baking-worker=262144"
    "memorysetup-temp-allocator-size-gfx=262144"
Refreshing native plugins compatible for Editor in 111.73 ms, found 4 plugins.
Preloading 0 native plugins for Editor in 0.00 ms.
Initialize engine version: 2021.3.6f1 (7da38d85baf6)
[Subsystems] Discovering subsystems at path C:/Program Files/Unity/Hub/Editor/2021.3.6f1/Editor/Data/Resources/UnitySubsystems
[Subsystems] Discovering subsystems at path D:/Unity/GitHub/Uni-Run/Uni-Run/Assets
GfxDevice: creating device client; threaded=0; jobified=0
Direct3D:
    Version:  Direct3D 11.0 [level 11.1]
    Renderer: NVIDIA GeForce GTX 1060 3GB (ID=0x1c02)
    Vendor:   NVIDIA
    VRAM:     2988 MB
    Driver:   30.0.15.1215
Initialize mono
Mono path[0] = 'C:/Program Files/Unity/Hub/Editor/2021.3.6f1/Editor/Data/Managed'
Mono path[1] = 'C:/Program Files/Unity/Hub/Editor/2021.3.6f1/Editor/Data/MonoBleedingEdge/lib/mono/unityjit-win32'
Mono config path = 'C:/Program Files/Unity/Hub/Editor/2021.3.6f1/Editor/Data/MonoBleedingEdge/etc'
Using monoOptions --debugger-agent=transport=dt_socket,embedding=1,server=y,suspend=n,address=127.0.0.1:56056
Begin MonoManager ReloadAssembly
Registering precompiled unity dll's ...
Register platform support module: C:/Program Files/Unity/Hub/Editor/2021.3.6f1/Editor/Data/PlaybackEngines/WindowsStandaloneSupport/UnityEditor.WindowsStandalone.Extensions.dll
Registered in 0.008354 seconds.
Native extension for WindowsStandalone target not found
Refreshing native plugins compatible for Editor in 114.14 ms, found 4 plugins.
Preloading 0 native plugins for Editor in 0.00 ms.
Mono: successfully reloaded assembly
- Completed reload, in  0.730 seconds
Domain Reload Profiling:
	ReloadAssembly (731ms)
		BeginReloadAssembly (85ms)
			ExecutionOrderSort (0ms)
			DisableScriptedObjects (0ms)
			BackupInstance (0ms)
			ReleaseScriptingObjects (0ms)
			CreateAndSetChildDomain (1ms)
		EndReloadAssembly (522ms)
			LoadAssemblies (82ms)
			RebuildTransferFunctionScriptingTraits (0ms)
			SetupTypeCache (120ms)
			ReleaseScriptCaches (0ms)
			RebuildScriptCaches (34ms)
			SetupLoadedEditorAssemblies (308ms)
				LogAssemblyErrors (0ms)
				InitializePlatformSupportModulesInManaged (8ms)
				SetLoadedEditorAssemblies (0ms)
				RefreshPlugins (114ms)
				BeforeProcessingInitializeOnLoad (2ms)
				ProcessInitializeOnLoadAttributes (133ms)
				ProcessInitializeOnLoadMethodAttributes (51ms)
				AfterProcessingInitializeOnLoad (0ms)
				EditorAssembliesLoaded (0ms)
			ExecutionOrderSort2 (0ms)
			AwakeInstancesAfterBackupRestoration (0ms)
Platform modules already initialized, skipping
Registering precompiled user dll's ...
Registered in 0.007303 seconds.
Begin MonoManager ReloadAssembly
Symbol file LoadedFromMemory doesn't match image D:\Unity\GitHub\Uni-Run\Uni-Run\Library\PackageCache\com.unity.visualscripting@1.7.8\Editor\VisualScripting.Core\Dependencies\YamlDotNet\Unity.VisualScripting.YamlDotNet.dll
Symbol file LoadedFromMemory doesn't match image D:\Unity\GitHub\Uni-Run\Uni-Run\Library\PackageCache\com.unity.visualscripting@1.7.8\Editor\VisualScripting.Core\Dependencies\DotNetZip\Unity.VisualScripting.IonicZip.dll
Native extension for WindowsStandalone target not found
Refreshing native plugins compatible for Editor in 117.10 ms, found 4 plugins.
Preloading 0 native plugins for Editor in 0.00 ms.
Mono: successfully reloaded assembly
- Completed reload, in  1.315 seconds
Domain Reload Profiling:
	ReloadAssembly (1316ms)
		BeginReloadAssembly (133ms)
			ExecutionOrderSort (0ms)
			DisableScriptedObjects (6ms)
			BackupInstance (0ms)
			ReleaseScriptingObjects (0ms)
			CreateAndSetChildDomain (21ms)
		EndReloadAssembly (1034ms)
			LoadAssemblies (96ms)
			RebuildTransferFunctionScriptingTraits (0ms)
			SetupTypeCache (284ms)
			ReleaseScriptCaches (1ms)
			RebuildScriptCaches (59ms)
			SetupLoadedEditorAssemblies (549ms)
				LogAssemblyErrors (0ms)
				InitializePlatformSupportModulesInManaged (5ms)
				SetLoadedEditorAssemblies (0ms)
				RefreshPlugins (117ms)
				BeforeProcessingInitializeOnLoad (111ms)
				ProcessInitializeOnLoadAttributes (259ms)
				ProcessInitializeOnLoadMethodAttributes (47ms)
				AfterProcessingInitializeOnLoad (9ms)
				EditorAssembliesLoaded (0ms)
			ExecutionOrderSort2 (0ms)
			AwakeInstancesAfterBackupRestoration (7ms)
Platform modules already initialized, skipping
========================================================================
Worker process is ready to serve import requests
Launched and connected shader compiler UnityShaderCompiler.exe after 0.05 seconds
Refreshing native plugins compatible for Editor in 0.78 ms, found 4 plugins.
Preloading 0 native plugins for Editor in 0.00 ms.
Unloading 4061 Unused Serialized files (Serialized files now loaded: 0)
Unloading 44 unused Assets / (222.5 KB). Loaded Objects now: 4512.
Memory consumption went from 155.6 MB to 155.4 MB.
Total: 4.156400 ms (FindLiveObjects: 0.337600 ms CreateObjectMapping: 0.322900 ms MarkObjects: 3.349200 ms  DeleteObjects: 0.145700 ms)

AssetImportParameters requested are different than current active one (requested -> active):
  custom:video-decoder-ogg-theora: a1e56fd34408186e4bbccfd4996cb3dc -> 
  custom:container-muxer-webm: aa71ff27fc2769a1b78a27578f13a17b -> 
  custom:container-demuxer-webm: 4f35f7cbe854078d1ac9338744f61a02 -> 
  custom:video-encoder-webm-vp8: eb34c28f22e8b96e1ab97ce403110664 -> 
  custom:audio-encoder-webm-vorbis: bf7c407c2cedff20999df2af8eb42d56 -> 
  custom:framework-win-MediaFoundation: 216162199b28c13a410421893ffa2e32 -> 
  custom:container-demuxer-ogg: 62fdf1f143b41e24485cea50d1cbac27 -> 
  custom:video-decoder-webm-vp8: 9c59270c3fd7afecdb556c50c9e8de78 -> 
  custom:audio-decoder-ogg-vorbis: bf7c407c2cedff20999df2af8eb42d56 -> 
========================================================================
Received Import Request.
  Time since last request: 969815.251598 seconds.
  path: Assets/07.Animation/Player.controller
  artifactKey: Guid(5a03e0fa7468b5b4bb81834474a92919) Importer(815301076,1909f56bfc062723c751e8b465ee728b)
Start importing Assets/07.Animation/Player.controller using Guid(5a03e0fa7468b5b4bb81834474a92919) Importer(815301076,1909f56bfc062723c751e8b465ee728b)  -> (artifact id: 'c3e6ee9be90e0e35c373bd9316b6690b') in 0.047173 seconds 
========================================================================
Received Import Request.
  Time since last request: 2938.545483 seconds.
  path: Assets/02.scripts/GameManager.cs
  artifactKey: Guid(2b4c723f095b9154c8a5979d117759cc) Importer(815301076,1909f56bfc062723c751e8b465ee728b)
Start importing Assets/02.scripts/GameManager.cs using Guid(2b4c723f095b9154c8a5979d117759cc) Importer(815301076,1909f56bfc062723c751e8b465ee728b)  -> (artifact id: 'c91e0181f6a5404637b5cdd965ee0536') in 0.008534 seconds 
========================================================================
Received Prepare
Registering precompiled user dll's ...
Registered in 0.006187 seconds.
Begin MonoManager ReloadAssembly
Symbol file LoadedFromMemory doesn't match image D:\Unity\GitHub\Uni-Run\Uni-Run\Library\PackageCache\com.unity.visualscripting@1.7.8\Editor\VisualScripting.Core\Dependencies\YamlDotNet\Unity.VisualScripting.YamlDotNet.dll
Symbol file LoadedFromMemory doesn't match image D:\Unity\GitHub\Uni-Run\Uni-Run\Library\PackageCache\com.unity.visualscripting@1.7.8\Editor\VisualScripting.Core\Dependencies\DotNetZip\Unity.VisualScripting.IonicZip.dll
Native extension for WindowsStandalone target not found
Refreshing native plugins compatible for Editor in 0.94 ms, found 4 plugins.
Preloading 0 native plugins for Editor in 0.00 ms.
Mono: successfully reloaded assembly
- Completed reload, in  1.151 seconds
Domain Reload Profiling:
	ReloadAssembly (1152ms)
		BeginReloadAssembly (148ms)
			ExecutionOrderSort (0ms)
			DisableScriptedObjects (10ms)
			BackupInstance (0ms)
			ReleaseScriptingObjects (0ms)
			CreateAndSetChildDomain (42ms)
		EndReloadAssembly (876ms)
			LoadAssemblies (95ms)
			RebuildTransferFunctionScriptingTraits (0ms)
			SetupTypeCache (287ms)
			ReleaseScriptCaches (1ms)
			RebuildScriptCaches (53ms)
			SetupLoadedEditorAssemblies (380ms)
				LogAssemblyErrors (0ms)
				InitializePlatformSupportModulesInManaged (14ms)
				SetLoadedEditorAssemblies (1ms)
				RefreshPlugins (1ms)
				BeforeProcessingInitializeOnLoad (87ms)
				ProcessInitializeOnLoadAttributes (227ms)
				ProcessInitializeOnLoadMethodAttributes (42ms)
				AfterProcessingInitializeOnLoad (9ms)
				EditorAssembliesLoaded (0ms)
			ExecutionOrderSort2 (0ms)
			AwakeInstancesAfterBackupRestoration (15ms)
Platform modules already initialized, skipping
Refreshing native plugins compatible for Editor in 2.08 ms, found 4 plugins.
Preloading 0 native plugins for Editor in 0.00 ms.
Unloading 4057 Unused Serialized files (Serialized files now loaded: 0)
Unloading 31 unused Assets / (189.6 KB). Loaded Objects now: 4516.
Memory consumption went from 155.6 MB to 155.4 MB.
Total: 3.219600 ms (FindLiveObjects: 0.290200 ms CreateObjectMapping: 0.208200 ms MarkObjects: 2.584500 ms  DeleteObjects: 0.136000 ms)

AssetImportParameters requested are different than current active one (requested -> active):
  custom:video-decoder-ogg-theora: a1e56fd34408186e4bbccfd4996cb3dc -> 
  custom:container-muxer-webm: aa71ff27fc2769a1b78a27578f13a17b -> 
  custom:container-demuxer-webm: 4f35f7cbe854078d1ac9338744f61a02 -> 
  custom:video-encoder-webm-vp8: eb34c28f22e8b96e1ab97ce403110664 -> 
  custom:audio-encoder-webm-vorbis: bf7c407c2cedff20999df2af8eb42d56 -> 
  custom:framework-win-MediaFoundation: 216162199b28c13a410421893ffa2e32 -> 
  custom:container-demuxer-ogg: 62fdf1f143b41e24485cea50d1cbac27 -> 
  custom:video-decoder-webm-vp8: 9c59270c3fd7afecdb556c50c9e8de78 -> 
  custom:audio-decoder-ogg-vorbis: bf7c407c2cedff20999df2af8eb42d56 -> 
========================================================================
Received Import Request.
  Time since last request: 54.883852 seconds.
  path: Assets/02.scripts/Game Manager.cs
  artifactKey: Guid(2b4c723f095b9154c8a5979d117759cc) Importer(815301076,1909f56bfc062723c751e8b465ee728b)
Start importing Assets/02.scripts/Game Manager.cs using Guid(2b4c723f095b9154c8a5979d117759cc) Importer(815301076,1909f56bfc062723c751e8b465ee728b)  -> (artifact id: '4897d3fd66adb16e8b219a74d7451af6') in 0.010662 seconds 
========================================================================
Received Prepare
Registering precompiled user dll's ...
Registered in 0.006403 seconds.
Begin MonoManager ReloadAssembly
Symbol file LoadedFromMemory doesn't match image D:\Unity\GitHub\Uni-Run\Uni-Run\Library\PackageCache\com.unity.visualscripting@1.7.8\Editor\VisualScripting.Core\Dependencies\YamlDotNet\Unity.VisualScripting.YamlDotNet.dll
Symbol file LoadedFromMemory doesn't match image D:\Unity\GitHub\Uni-Run\Uni-Run\Library\PackageCache\com.unity.visualscripting@1.7.8\Editor\VisualScripting.Core\Dependencies\DotNetZip\Unity.VisualScripting.IonicZip.dll
Native extension for WindowsStandalone target not found
Refreshing native plugins compatible for Editor in 1.19 ms, found 4 plugins.
Preloading 0 native plugins for Editor in 0.00 ms.
Mono: successfully reloaded assembly
- Completed reload, in  1.204 seconds
Domain Reload Profiling:
	ReloadAssembly (1205ms)
		BeginReloadAssembly (165ms)
			ExecutionOrderSort (0ms)
			DisableScriptedObjects (8ms)
			BackupInstance (0ms)
			ReleaseScriptingObjects (0ms)
			CreateAndSetChildDomain (49ms)
		EndReloadAssembly (891ms)
			LoadAssemblies (106ms)
			RebuildTransferFunctionScriptingTraits (0ms)
			SetupTypeCache (290ms)
			ReleaseScriptCaches (1ms)
			RebuildScriptCaches (54ms)
			SetupLoadedEditorAssemblies (394ms)
				LogAssemblyErrors (0ms)
				InitializePlatformSupportModulesInManaged (14ms)
				SetLoadedEditorAssemblies (1ms)
				RefreshPlugins (1ms)
				BeforeProcessingInitializeOnLoad (98ms)
				ProcessInitializeOnLoadAttributes (227ms)
				ProcessInitializeOnLoadMethodAttributes (44ms)
				AfterProcessingInitializeOnLoad (9ms)
				EditorAssembliesLoaded (0ms)
			ExecutionOrderSort2 (0ms)
			AwakeInstancesAfterBackupRestoration (10ms)
Platform modules already initialized, skipping
Refreshing native plugins compatible for Editor in 2.08 ms, found 4 plugins.
Preloading 0 native plugins for Editor in 0.00 ms.
Unloading 4057 Unused Serialized files (Serialized files now loaded: 0)
Unloading 31 unused Assets / (189.6 KB). Loaded Objects now: 4519.
Memory consumption went from 155.6 MB to 155.4 MB.
Total: 3.140800 ms (FindLiveObjects: 0.301900 ms CreateObjectMapping: 0.207400 ms MarkObjects: 2.494300 ms  DeleteObjects: 0.136600 ms)

AssetImportParameters requested are different than current active one (requested -> active):
  custom:video-decoder-ogg-theora: a1e56fd34408186e4bbccfd4996cb3dc -> 
  custom:container-muxer-webm: aa71ff27fc2769a1b78a27578f13a17b -> 
  custom:container-demuxer-webm: 4f35f7cbe854078d1ac9338744f61a02 -> 
  custom:video-encoder-webm-vp8: eb34c28f22e8b96e1ab97ce403110664 -> 
  custom:audio-encoder-webm-vorbis: bf7c407c2cedff20999df2af8eb42d56 -> 
  custom:framework-win-MediaFoundation: 216162199b28c13a410421893ffa2e32 -> 
  custom:container-demuxer-ogg: 62fdf1f143b41e24485cea50d1cbac27 -> 
  custom:video-decoder-webm-vp8: 9c59270c3fd7afecdb556c50c9e8de78 -> 
  custom:audio-decoder-ogg-vorbis: bf7c407c2cedff20999df2af8eb42d56 -> 
========================================================================
Received Prepare
Registering precompiled user dll's ...
Registered in 0.006336 seconds.
Begin MonoManager ReloadAssembly
Symbol file LoadedFromMemory doesn't match image D:\Unity\GitHub\Uni-Run\Uni-Run\Library\PackageCache\com.unity.visualscripting@1.7.8\Editor\VisualScripting.Core\Dependencies\YamlDotNet\Unity.VisualScripting.YamlDotNet.dll
Symbol file LoadedFromMemory doesn't match image D:\Unity\GitHub\Uni-Run\Uni-Run\Library\PackageCache\com.unity.visualscripting@1.7.8\Editor\VisualScripting.Core\Dependencies\DotNetZip\Unity.VisualScripting.IonicZip.dll
Native extension for WindowsStandalone target not found
Refreshing native plugins compatible for Editor in 0.75 ms, found 4 plugins.
Preloading 0 native plugins for Editor in 0.00 ms.
Mono: successfully reloaded assembly
- Completed reload, in  1.145 seconds
Domain Reload Profiling:
	ReloadAssembly (1146ms)
		BeginReloadAssembly (156ms)
			ExecutionOrderSort (0ms)
			DisableScriptedObjects (8ms)
			BackupInstance (0ms)
			ReleaseScriptingObjects (0ms)
			CreateAndSetChildDomain (50ms)
		EndReloadAssembly (849ms)
			LoadAssemblies (96ms)
			RebuildTransferFunctionScriptingTraits (0ms)
			SetupTypeCache (277ms)
			ReleaseScriptCaches (1ms)
			RebuildScriptCaches (48ms)
			SetupLoadedEditorAssemblies (386ms)
				LogAssemblyErrors (0ms)
				InitializePlatformSupportModulesInManaged (13ms)
				SetLoadedEditorAssemblies (1ms)
				RefreshPlugins (1ms)
				BeforeProcessingInitializeOnLoad (84ms)
				ProcessInitializeOnLoadAttributes (237ms)
				ProcessInitializeOnLoadMethodAttributes (41ms)
				AfterProcessingInitializeOnLoad (9ms)
				EditorAssembliesLoaded (0ms)
			ExecutionOrderSort2 (0ms)
			AwakeInstancesAfterBackupRestoration (10ms)
Platform modules already initialized, skipping
Refreshing native plugins compatible for Editor in 2.23 ms, found 4 plugins.
Preloading 0 native plugins for Editor in 0.00 ms.
Unloading 4057 Unused Serialized files (Serialized files now loaded: 0)
Unloading 31 unused Assets / (189.8 KB). Loaded Objects now: 4522.
Memory consumption went from 155.6 MB to 155.4 MB.
Total: 3.153100 ms (FindLiveObjects: 0.287100 ms CreateObjectMapping: 0.213000 ms MarkObjects: 2.517600 ms  DeleteObjects: 0.134700 ms)

AssetImportParameters requested are different than current active one (requested -> active):
  custom:video-decoder-ogg-theora: a1e56fd34408186e4bbccfd4996cb3dc -> 
  custom:container-muxer-webm: aa71ff27fc2769a1b78a27578f13a17b -> 
  custom:container-demuxer-webm: 4f35f7cbe854078d1ac9338744f61a02 -> 
  custom:video-encoder-webm-vp8: eb34c28f22e8b96e1ab97ce403110664 -> 
  custom:audio-encoder-webm-vorbis: bf7c407c2cedff20999df2af8eb42d56 -> 
  custom:framework-win-MediaFoundation: 216162199b28c13a410421893ffa2e32 -> 
  custom:container-demuxer-ogg: 62fdf1f143b41e24485cea50d1cbac27 -> 
  custom:video-decoder-webm-vp8: 9c59270c3fd7afecdb556c50c9e8de78 -> 
  custom:audio-decoder-ogg-vorbis: bf7c407c2cedff20999df2af8eb42d56 -> 
========================================================================
Received Import Request.
  Time since last request: 186.746061 seconds.
  path: Assets/02.scripts/PlayerController.cs
  artifactKey: Guid(195a24f32389b2c45997a31c66441f0f) Importer(815301076,1909f56bfc062723c751e8b465ee728b)
Start importing Assets/02.scripts/PlayerController.cs using Guid(195a24f32389b2c45997a31c66441f0f) Importer(815301076,1909f56bfc062723c751e8b465ee728b)  -> (artifact id: 'ccaf43f794f97b77ae335998f4ab272b') in 0.011193 seconds 
========================================================================
Received Import Request.
  Time since last request: 522.918207 seconds.
  path: Assets/02.scripts/GameManager.cs
  artifactKey: Guid(2b4c723f095b9154c8a5979d117759cc) Importer(815301076,1909f56bfc062723c751e8b465ee728b)
Start importing Assets/02.scripts/GameManager.cs using Guid(2b4c723f095b9154c8a5979d117759cc) Importer(815301076,1909f56bfc062723c751e8b465ee728b)  -> (artifact id: 'c657d00a1e6a01c1fa56c15862ee3179') in 0.002866 seconds 
========================================================================
Received Import Request.
  Time since last request: 793.783340 seconds.
  path: Assets/02.scripts/GameManager.cs
  artifactKey: Guid(2b4c723f095b9154c8a5979d117759cc) Importer(815301076,1909f56bfc062723c751e8b465ee728b)
Start importing Assets/02.scripts/GameManager.cs using Guid(2b4c723f095b9154c8a5979d117759cc) Importer(815301076,1909f56bfc062723c751e8b465ee728b)  -> (artifact id: 'ef6d540c8deeba29a9926d4f904ab4b5') in 0.002726 seconds 
========================================================================
Received Import Request.
  Time since last request: 147.471762 seconds.
  path: Assets/02.scripts/GameManager.cs
  artifactKey: Guid(2b4c723f095b9154c8a5979d117759cc) Importer(815301076,1909f56bfc062723c751e8b465ee728b)
Start importing Assets/02.scripts/GameManager.cs using Guid(2b4c723f095b9154c8a5979d117759cc) Importer(815301076,1909f56bfc062723c751e8b465ee728b)  -> (artifact id: 'ffe76273203d91c6dd9378f868892443') in 0.002672 seconds 
========================================================================
Received Import Request.
  Time since last request: 822.853442 seconds.
  path: Assets/02.scripts/GameManager.cs
  artifactKey: Guid(2b4c723f095b9154c8a5979d117759cc) Importer(815301076,1909f56bfc062723c751e8b465ee728b)
Start importing Assets/02.scripts/GameManager.cs using Guid(2b4c723f095b9154c8a5979d117759cc) Importer(815301076,1909f56bfc062723c751e8b465ee728b)  -> (artifact id: '9077f233e85e8427597e8723b0241c8c') in 0.002511 seconds 
========================================================================
Received Import Request.
  Time since last request: 173.264149 seconds.
  path: Assets/02.scripts/GameManager.cs
  artifactKey: Guid(2b4c723f095b9154c8a5979d117759cc) Importer(815301076,1909f56bfc062723c751e8b465ee728b)
Start importing Assets/02.scripts/GameManager.cs using Guid(2b4c723f095b9154c8a5979d117759cc) Importer(815301076,1909f56bfc062723c751e8b465ee728b)  -> (artifact id: '592d279ddfd87402b84a5b8bd4ec79de') in 0.002346 seconds 
========================================================================
Received Import Request.
  Time since last request: 40.710611 seconds.
  path: Assets/02.scripts/GameManager.cs
  artifactKey: Guid(2b4c723f095b9154c8a5979d117759cc) Importer(815301076,1909f56bfc062723c751e8b465ee728b)
Start importing Assets/02.scripts/GameManager.cs using Guid(2b4c723f095b9154c8a5979d117759cc) Importer(815301076,1909f56bfc062723c751e8b465ee728b)  -> (artifact id: '3840bb7a67ac08d0ccc740289a2731bc') in 0.002419 seconds 
========================================================================
Received Import Request.
  Time since last request: 118.191371 seconds.
  path: Assets/02.scripts/GameManager.cs
  artifactKey: Guid(2b4c723f095b9154c8a5979d117759cc) Importer(815301076,1909f56bfc062723c751e8b465ee728b)
Start importing Assets/02.scripts/GameManager.cs using Guid(2b4c723f095b9154c8a5979d117759cc) Importer(815301076,1909f56bfc062723c751e8b465ee728b)  -> (artifact id: 'b1438621f83e7066755d1af0a8f8d7b1') in 0.002304 seconds 
========================================================================
Received Import Request.
  Time since last request: 143.747458 seconds.
  path: Assets/02.scripts/GameManager.cs
  artifactKey: Guid(2b4c723f095b9154c8a5979d117759cc) Importer(815301076,1909f56bfc062723c751e8b465ee728b)
Start importing Assets/02.scripts/GameManager.cs using Guid(2b4c723f095b9154c8a5979d117759cc) Importer(815301076,1909f56bfc062723c751e8b465ee728b)  -> (artifact id: 'bfd04867a4ada04f58e260e2dfe5d09e') in 0.003519 seconds 
========================================================================
Received Import Request.
  Time since last request: 9.826964 seconds.
  path: Assets/02.scripts/GameManager.cs
  artifactKey: Guid(2b4c723f095b9154c8a5979d117759cc) Importer(815301076,1909f56bfc062723c751e8b465ee728b)
Start importing Assets/02.scripts/GameManager.cs using Guid(2b4c723f095b9154c8a5979d117759cc) Importer(815301076,1909f56bfc062723c751e8b465ee728b)  -> (artifact id: '73d6d4515c309a7278875df9a3913328') in 0.002532 seconds 
========================================================================
Received Import Request.
  Time since last request: 240.333505 seconds.
  path: Assets/02.scripts/GameManager.cs
  artifactKey: Guid(2b4c723f095b9154c8a5979d117759cc) Importer(815301076,1909f56bfc062723c751e8b465ee728b)
Start importing Assets/02.scripts/GameManager.cs using Guid(2b4c723f095b9154c8a5979d117759cc) Importer(815301076,1909f56bfc062723c751e8b465ee728b)  -> (artifact id: '0f1bb960bda8dc4fbb40bc6d80ec2d07') in 0.002356 seconds 
========================================================================
Received Import Request.
  Time since last request: 985.916649 seconds.
  path: Assets/02.scripts/GameManager.cs
  artifactKey: Guid(2b4c723f095b9154c8a5979d117759cc) Importer(815301076,1909f56bfc062723c751e8b465ee728b)
Start importing Assets/02.scripts/GameManager.cs using Guid(2b4c723f095b9154c8a5979d117759cc) Importer(815301076,1909f56bfc062723c751e8b465ee728b)  -> (artifact id: 'f42065125dd348d1e62c5a70502af7c0') in 0.002530 seconds 
========================================================================
Received Import Request.
  Time since last request: 228.429062 seconds.
  path: Assets/02.scripts/GameManager.cs
  artifactKey: Guid(2b4c723f095b9154c8a5979d117759cc) Importer(815301076,1909f56bfc062723c751e8b465ee728b)
Start importing Assets/02.scripts/GameManager.cs using Guid(2b4c723f095b9154c8a5979d117759cc) Importer(815301076,1909f56bfc062723c751e8b465ee728b)  -> (artifact id: '6b507b53dd4dc0115fc51cd4273881c8') in 0.002191 seconds 
========================================================================
Received Import Request.
  Time since last request: 220.008945 seconds.
  path: Assets/02.scripts/GameManager.cs
  artifactKey: Guid(2b4c723f095b9154c8a5979d117759cc) Importer(815301076,1909f56bfc062723c751e8b465ee728b)
Start importing Assets/02.scripts/GameManager.cs using Guid(2b4c723f095b9154c8a5979d117759cc) Importer(815301076,1909f56bfc062723c751e8b465ee728b)  -> (artifact id: '52e17a25df8b43b2466ef2adc791a820') in 0.002314 seconds 
